2018-11-02 15:05:14 792 pool-1-thread-1 ERROR Spider (Spider.java:324) - process request Request{url='http://webmagic.io/docs/zh/posts/ch4-basic-page-processor/pageprocessor.html', method='null', extras=null, priority=0, headers={}, cookies={}} error
org.jsoup.select.Selector$SelectorParseException: Could not parse query 'p:2': unexpected token at ':2'
	at org.jsoup.select.QueryParser.findElements(QueryParser.java:204)
	at org.jsoup.select.QueryParser.parse(QueryParser.java:71)
	at org.jsoup.select.QueryParser.parse(QueryParser.java:42)
	at org.jsoup.select.QueryParser.combinator(QueryParser.java:87)
	at org.jsoup.select.QueryParser.parse(QueryParser.java:69)
	at org.jsoup.select.QueryParser.parse(QueryParser.java:42)
	at org.jsoup.select.Selector.<init>(Selector.java:86)
	at org.jsoup.select.Selector.select(Selector.java:108)
	at org.jsoup.nodes.Element.select(Element.java:322)
	at us.codecraft.webmagic.selector.CssSelector.selectElements(CssSelector.java:93)
	at us.codecraft.webmagic.selector.HtmlNode.selectElements(HtmlNode.java:71)
	at us.codecraft.webmagic.selector.HtmlNode.$(HtmlNode.java:110)
	at us.codecraft.webmagic.selector.AbstractSelectable.css(AbstractSelectable.java:18)
	at study.webmagic.GithubRepoPageProcessor.process(GithubRepoPageProcessor.java:24)
	at us.codecraft.webmagic.Spider.onDownloadSuccess(Spider.java:414)
	at us.codecraft.webmagic.Spider.processRequest(Spider.java:406)
	at us.codecraft.webmagic.Spider.access$000(Spider.java:61)
	at us.codecraft.webmagic.Spider$1.run(Spider.java:320)
	at us.codecraft.webmagic.thread.CountableThreadPool$1.run(CountableThreadPool.java:74)
	at java.util.concurrent.ThreadPoolExecutor.runWorker(ThreadPoolExecutor.java:1142)
	at java.util.concurrent.ThreadPoolExecutor$Worker.run(ThreadPoolExecutor.java:617)
	at java.lang.Thread.run(Thread.java:745)
2018-11-02 15:18:04 970 pool-1-thread-1 ERROR Spider (Spider.java:324) - process request Request{url='http://webmagic.io/docs/zh/posts/ch4-basic-page-processor/pageprocessor.html', method='null', extras=null, priority=0, headers={}, cookies={}} error
java.lang.IllegalArgumentException: invalid regex ^\<p\>(.*)\<\p\>$
	at us.codecraft.webmagic.selector.RegexSelector.compileRegex(RegexSelector.java:38)
	at us.codecraft.webmagic.selector.RegexSelector.<init>(RegexSelector.java:26)
	at us.codecraft.webmagic.selector.Selectors.regex(Selectors.java:16)
	at us.codecraft.webmagic.selector.AbstractSelectable.regex(AbstractSelectable.java:83)
	at study.webmagic.GithubRepoPageProcessor.process(GithubRepoPageProcessor.java:24)
	at us.codecraft.webmagic.Spider.onDownloadSuccess(Spider.java:414)
	at us.codecraft.webmagic.Spider.processRequest(Spider.java:406)
	at us.codecraft.webmagic.Spider.access$000(Spider.java:61)
	at us.codecraft.webmagic.Spider$1.run(Spider.java:320)
	at us.codecraft.webmagic.thread.CountableThreadPool$1.run(CountableThreadPool.java:74)
	at java.util.concurrent.ThreadPoolExecutor.runWorker(ThreadPoolExecutor.java:1142)
	at java.util.concurrent.ThreadPoolExecutor$Worker.run(ThreadPoolExecutor.java:617)
	at java.lang.Thread.run(Thread.java:745)
Caused by: java.util.regex.PatternSyntaxException: Unknown character property name {\} near index 14
^\<p\>(.*)\<\p\>$
              ^
	at java.util.regex.Pattern.error(Pattern.java:1955)
	at java.util.regex.Pattern.charPropertyNodeFor(Pattern.java:2781)
	at java.util.regex.Pattern.family(Pattern.java:2736)
	at java.util.regex.Pattern.sequence(Pattern.java:2076)
	at java.util.regex.Pattern.expr(Pattern.java:1996)
	at java.util.regex.Pattern.compile(Pattern.java:1696)
	at java.util.regex.Pattern.<init>(Pattern.java:1351)
	at java.util.regex.Pattern.compile(Pattern.java:1054)
	at us.codecraft.webmagic.selector.RegexSelector.compileRegex(RegexSelector.java:35)
	... 12 more
